生成启动时间为 2021/10/24 16:21:08。
     1>项目“D:\visual studio 2013\Projects\SList\SList\SList.vcxproj”在节点 2 上(Build 个目标)。
     1>ClCompile:
         E:\Program Files (x86)\Microsoft Visual Studio 12.0\VC\bin\CL.exe /c /ZI /nologo /W3 /WX- /Od /Oy- /D WIN32 /D _DEBUG /D _CONSOLE /D _LIB /D _UNICODE /D UNICODE /Gm /EHsc /RTC1 /MDd /GS /fp:precise /Zc:wchar_t /Zc:forScope /Fo"Debug\\" /Fd"Debug\vc120.pdb" /Gd /TC /analyze- /errorReport:prompt SList.c test.c
         test.c
     1>d:\visual studio 2013\projects\slist\slist\test.c(17): warning C4047: “函数”:“SLTNode *”与“SLTNode **”的间接级别不同
     1>d:\visual studio 2013\projects\slist\slist\test.c(17): warning C4024: “SListInsert”: 形参和实参 1 的类型不同
     1>d:\visual studio 2013\projects\slist\slist\test.c(17): warning C4047: “函数”:“SLTNode **”与“SLTNode *”的间接级别不同
     1>d:\visual studio 2013\projects\slist\slist\test.c(17): warning C4024: “SListInsert”: 形参和实参 2 的类型不同
         SList.c
     1>d:\visual studio 2013\projects\slist\slist\slist.c(97): warning C4028: 形参 1 与声明不同
     1>d:\visual studio 2013\projects\slist\slist\slist.c(97): warning C4028: 形参 2 与声明不同
         正在生成代码...
       Link:
         E:\Program Files (x86)\Microsoft Visual Studio 12.0\VC\bin\link.exe /ERRORREPORT:PROMPT /OUT:"D:\visual studio 2013\Projects\SList\Debug\SList.exe" /INCREMENTAL /NOLOGO kernel32.lib user32.lib gdi32.lib winspool.lib comdlg32.lib advapi32.lib shell32.lib ole32.lib oleaut32.lib uuid.lib odbc32.lib odbccp32.lib /MANIFEST /MANIFESTUAC:"level='asInvoker' uiAccess='false'" /manifest:embed /DEBUG /PDB:"D:\visual studio 2013\Projects\SList\Debug\SList.pdb" /SUBSYSTEM:CONSOLE /TLBID:1 /DYNAMICBASE /NXCOMPAT /IMPLIB:"D:\visual studio 2013\Projects\SList\Debug\SList.lib" /MACHINE:X86 Debug\SList.obj
         Debug\test.obj
         SList.vcxproj -> D:\visual studio 2013\Projects\SList\Debug\SList.exe
     1>已完成生成项目“D:\visual studio 2013\Projects\SList\SList\SList.vcxproj”(Build 个目标)的操作。

生成成功。

已用时间 00:00:00.29
